Using pre-set license
Built from '2020.3/release' branch; Version is '2020.3.12f1 (b3b2c6512326) revision 11776710'; Using compiler version '192528614'; Build Type 'Release'
OS: 'Windows 10 Home; OS build 19041.985; Version 2004; 64bit' Language: 'en' Physical Memory: 11737 MB
BatchMode: 1, IsHumanControllingUs: 0, StartBugReporterOnCrash: 0, Is64bit: 1, IsPro: 0

 COMMAND LINE ARGUMENTS:
C:\Program Files\2020.3.12f1\Editor\Unity.exe
-adb2
-batchMode
-noUpm
-name
AssetImportWorker1
-projectPath
D:/Unity/MashUp Jam game/MushUp-Game-Jam-2/MashUp Jam game
-logFile
Logs/AssetImportWorker1.log
-srvPort
62691
Successfully changed project path to: D:/Unity/MashUp Jam game/MushUp-Game-Jam-2/MashUp Jam game
D:/Unity/MashUp Jam game/MushUp-Game-Jam-2/MashUp Jam game
Using Asset Import Pipeline V2.
